============================= test session starts =============================
platform win32 -- Python 3.11.0, pytest-9.0.2, pluggy-1.6.0 -- c:\Users\Asus\Desktop\UIT\Sem8\DAM\Project\OptiWareUi\dam\Scripts\python.exe
cachedir: .pytest_cache
rootdir: C:\Users\Asus\Desktop\UIT\Sem8\DAM\Project\OptiWareUi\backend
plugins: anyio-4.12.1, asyncio-1.3.0
asyncio: mode=Mode.STRICT, debug=False, asyncio_default_fixture_loop_scope=None, asyncio_default_test_loop_scope=function
collecting ... collected 16 items

tests/test_inventory_health.py::test_dead_stock_detection FAILED         [  6%]
tests/test_inventory_health.py::test_dead_stock_not_detected_with_recent_sale FAILED [ 12%]
tests/test_inventory_health.py::test_slow_moving_detection FAILED        [ 18%]
tests/test_inventory_health.py::test_near_expiry_detection PASSED        [ 25%]
tests/test_inventory_health.py::test_expired_batch_detection PASSED      [ 31%]
tests/test_inventory_health.py::test_discount_suggestion_for_slow_moving PASSED [ 37%]
tests/test_inventory_health.py::test_bundle_suggestion_for_dead_stock PASSED [ 43%]
tests/test_inventory_health.py::test_disposal_suggestion_for_expired PASSED [ 50%]
tests/test_inventory_health.py::test_return_suggestion PASSED            [ 56%]
tests/test_inventory_health.py::test_approve_action_activates_promotion PASSED [ 62%]
tests/test_inventory_health.py::test_reject_action PASSED                [ 68%]
tests/test_inventory_health.py::test_config_defaults PASSED              [ 75%]
tests/test_inventory_health.py::test_config_update PASSED                [ 81%]
tests/test_inventory_health.py::test_execute_requires_approval PASSED    [ 87%]
tests/test_inventory_health.py::test_execute_after_approval PASSED       [ 93%]
tests/test_inventory_health.py::test_full_scan_orchestration FAILED      [100%]

================================== FAILURES ===================================
__________________________ test_dead_stock_detection __________________________

db_session = <sqlalchemy.ext.asyncio.session.AsyncSession object at 0x000001C862B6C690>
seed_warehouse = <app.models.warehouse.Warehouse object at 0x000001C862BDFD50>
seed_config = <app.models.inventory_health.InventoryOptimizationConfig object at 0x000001C862BF8C10>

    @pytest.mark.asyncio
    async def test_dead_stock_detection(db_session, seed_warehouse, seed_config):
        """Product with no sales in 100 days \u2192 detected as DEAD, severity = 50."""
        db = db_session
    
        product = Product(id=1, sku="DEAD-001", name="Dead Widget", unit_price=Decimal("10.00"))
        db.add(product)
        await db.flush()
    
        inv = Inventory(
            product_id=1,
            warehouse_id=1,
            batch_number="B001",
            quantity=50,
            allocated=0,
            available=50,
            received_date=_date_days_ago(100),
            status="ACTIVE",
        )
        db.add(inv)
        await db.flush()
    
        config = seed_config
>       results = await InventoryHealthService.detect_dead_stock(db, config)
                        ^^^^^^^^^^^^^^^^^^^^^^^^^^^^^^^^^^^^^^^^
E       AttributeError: type object 'InventoryHealthService' has no attribute 'detect_dead_stock'

tests\test_inventory_health.py:143: AttributeError
________________ test_dead_stock_not_detected_with_recent_sale ________________

db_session = <sqlalchemy.ext.asyncio.session.AsyncSession object at 0x000001C862BAD8D0>
seed_warehouse = <app.models.warehouse.Warehouse object at 0x000001C862D0EA10>
seed_config = <app.models.inventory_health.InventoryOptimizationConfig object at 0x000001C862F27250>

    @pytest.mark.asyncio
    async def test_dead_stock_not_detected_with_recent_sale(
        db_session, seed_warehouse, seed_config
    ):
        """Product with a recent delivery should NOT be flagged as dead."""
        db = db_session
    
        product = Product(id=1, sku="LIVE-001", name="Active Widget", unit_price=Decimal("10.00"))
        db.add(product)
        await db.flush()
    
        inv = Inventory(
            product_id=1,
            warehouse_id=1,
            quantity=50,
            allocated=0,
            available=50,
            received_date=_date_days_ago(100),
            status="ACTIVE",
        )
        db.add(inv)
    
        # Recent delivered sale with delivery note
        so = SalesOrder(
            id=1,
            order_number="SO-001",
            customer_id=1,
            warehouse_id=1,
            status="DELIVERED",
            created_at=_days_ago(10),
        )
        db.add(so)
        await db.flush()
    
        soi = SalesOrderItem(
            id=1,
            sales_order_id=1,
            product_id=1,
            ordered_qty=5,
            picked_qty=5,
            created_at=_days_ago(10),
        )
        db.add(soi)
        await db.flush()
    
        dn = DeliveryNote(
            id=1,
            delivery_number="DN-001",
            sales_order_id=1,
            status="DELIVERED",
            shipped_at=_days_ago(10),
            created_at=_days_ago(10),
        )
        db.add(dn)
        await db.flush()
    
        dni = DeliveryNoteItem(
            delivery_note_id=1,
            sales_order_item_id=1,
            shipped_qty=5,
        )
        db.add(dni)
        await db.flush()
    
        config = seed_config
>       results = await InventoryHealthService.detect_dead_stock(db, config)
                        ^^^^^^^^^^^^^^^^^^^^^^^^^^^^^^^^^^^^^^^^
E       AttributeError: type object 'InventoryHealthService' has no attribute 'detect_dead_stock'

tests\test_inventory_health.py:217: AttributeError
_________________________ test_slow_moving_detection __________________________

db_session = <sqlalchemy.ext.asyncio.session.AsyncSession object at 0x000001C862BDC2D0>
seed_warehouse = <app.models.warehouse.Warehouse object at 0x000001C862BFA0D0>
seed_config = <app.models.inventory_health.InventoryOptimizationConfig object at 0x000001C862F63210>

    @pytest.mark.asyncio
    async def test_slow_moving_detection(db_session, seed_warehouse, seed_config):
        """Product with low turnover ratio \u2192 detected as SLOW."""
        db = db_session
    
        product = Product(id=1, sku="SLOW-001", name="Slow Mover", unit_price=Decimal("20.00"))
        db.add(product)
        await db.flush()
    
        inv = Inventory(
            product_id=1,
            warehouse_id=1,
            quantity=100,
            allocated=0,
            available=100,
            received_date=_date_days_ago(120),
            status="ACTIVE",
        )
        db.add(inv)
    
        # Only shipped 2 units in 90 days — turnover = 2/100 = 0.02
        so = SalesOrder(
            id=1,
            order_number="SO-SLOW-001",
            customer_id=1,
            warehouse_id=1,
            status="DELIVERED",
            created_at=_days_ago(30),
        )
        db.add(so)
        await db.flush()
    
        soi = SalesOrderItem(
            id=1,
            sales_order_id=1,
            product_id=1,
            ordered_qty=2,
            picked_qty=2,
            created_at=_days_ago(30),
        )
        db.add(soi)
        await db.flush()
    
        dn = DeliveryNote(
            id=1,
            delivery_number="DN-SLOW-001",
            sales_order_id=1,
            status="DELIVERED",
            shipped_at=_days_ago(30),
            created_at=_days_ago(30),
        )
        db.add(dn)
        await db.flush()
    
        dni = DeliveryNoteItem(
            delivery_note_id=1,
            sales_order_item_id=1,
            shipped_qty=2,
        )
        db.add(dni)
        await db.flush()
    
        config = seed_config
>       results = await InventoryHealthService.detect_slow_moving(db, config)
                        ^^^^^^^^^^^^^^^^^^^^^^^^^^^^^^^^^^^^^^^^^
E       AttributeError: type object 'InventoryHealthService' has no attribute 'detect_slow_moving'

tests\test_inventory_health.py:286: AttributeError
________________________ test_full_scan_orchestration _________________________

db_session = <sqlalchemy.ext.asyncio.session.AsyncSession object at 0x000001C86303F010>
seed_warehouse = <app.models.warehouse.Warehouse object at 0x000001C863108590>
seed_config = <app.models.inventory_health.InventoryOptimizationConfig object at 0x000001C863112F90>

    @pytest.mark.asyncio
    async def test_full_scan_orchestration(db_session, seed_warehouse, seed_config):
        """Run full scan \u2192 health statuses and suggestions created."""
        db = db_session
    
        # Product with expiring stock
        product = Product(id=1, sku="SCAN-001", name="Scan Product", unit_price=Decimal("15.00"))
        db.add(product)
        await db.flush()
    
        inv = Inventory(
            product_id=1,
            warehouse_id=1,
            batch_number="SCAN-B",
            quantity=40,
            allocated=0,
            available=40,
            expiry_date=_date_days_from_now(5),
            received_date=_date_days_ago(25),
            status="ACTIVE",
        )
        db.add(inv)
        await db.flush()
    
>       result = await ActionSuggestionEngine.run_full_scan(db)
                 ^^^^^^^^^^^^^^^^^^^^^^^^^^^^^^^^^^^^^^^^^^^^^^

tests\test_inventory_health.py:727: 
_ _ _ _ _ _ _ _ _ _ _ _ _ _ _ _ _ _ _ _ _ _ _ _ _ _ _ _ _ _ _ _ _ _ _ _ _ _ _ _
app\services\action_suggestion_engine.py:654: in run_full_scan
    await InventoryClassificationService.ensure_inventory_health_records(db)
app\services\inventory_classification_service.py:328: in ensure_inventory_health_records
    async with db.begin():
..\dam\Lib\site-packages\sqlalchemy\ext\asyncio\base.py:121: in __aenter__
    return await self.start(is_ctxmanager=True)
           ^^^^^^^^^^^^^^^^^^^^^^^^^^^^^^^^^^^^
..\dam\Lib\site-packages\sqlalchemy\ext\asyncio\session.py:1876: in start
    await greenlet_spawn(
..\dam\Lib\site-packages\sqlalchemy\util\_concurrency_py3k.py:190: in greenlet_spawn
    result = context.switch(*args, **kwargs)
             ^^^^^^^^^^^^^^^^^^^^^^^^^^^^^^^
_ _ _ _ _ _ _ _ _ _ _ _ _ _ _ _ _ _ _ _ _ _ _ _ _ _ _ _ _ _ _ _ _ _ _ _ _ _ _ _

self = <sqlalchemy.orm.session.Session object at 0x000001C863132F10>
nested = False

    def begin(self, nested: bool = False) -> SessionTransaction:
        """Begin a transaction, or nested transaction,
        on this :class:`.Session`, if one is not already begun.
    
        The :class:`_orm.Session` object features **autobegin** behavior,
        so that normally it is not necessary to call the
        :meth:`_orm.Session.begin`
        method explicitly. However, it may be used in order to control
        the scope of when the transactional state is begun.
    
        When used to begin the outermost transaction, an error is raised
        if this :class:`.Session` is already inside of a transaction.
    
        :param nested: if True, begins a SAVEPOINT transaction and is
         equivalent to calling :meth:`~.Session.begin_nested`. For
         documentation on SAVEPOINT transactions, please see
         :ref:`session_begin_nested`.
    
        :return: the :class:`.SessionTransaction` object.  Note that
         :class:`.SessionTransaction`
         acts as a Python context manager, allowing :meth:`.Session.begin`
         to be used in a "with" block.  See :ref:`session_explicit_begin` for
         an example.
    
        .. seealso::
    
            :ref:`session_autobegin`
    
            :ref:`unitofwork_transaction`
    
            :meth:`.Session.begin_nested`
    
    
        """
    
        trans = self._transaction
        if trans is None:
            trans = self._autobegin_t(begin=True)
    
            if not nested:
                return trans
    
        assert trans is not None
    
        if nested:
            trans = trans._begin(nested=nested)
            assert self._transaction is trans
            self._nested_transaction = trans
        else:
>           raise sa_exc.InvalidRequestError(
                "A transaction is already begun on this Session."
            )
E           sqlalchemy.exc.InvalidRequestError: A transaction is already begun on this Session.

..\dam\Lib\site-packages\sqlalchemy\orm\session.py:1941: InvalidRequestError
=========================== short test summary info ===========================
FAILED tests/test_inventory_health.py::test_dead_stock_detection - AttributeE...
FAILED tests/test_inventory_health.py::test_dead_stock_not_detected_with_recent_sale
FAILED tests/test_inventory_health.py::test_slow_moving_detection - Attribute...
FAILED tests/test_inventory_health.py::test_full_scan_orchestration - sqlalch...
======================== 4 failed, 12 passed in 1.99s =========================
