============================= test session starts =============================
platform win32 -- Python 3.11.0, pytest-9.0.2, pluggy-1.6.0 -- c:\Users\Asus\Desktop\UIT\Sem8\DAM\Project\OptiWareUi\dam\Scripts\python.exe
cachedir: .pytest_cache
rootdir: C:\Users\Asus\Desktop\UIT\Sem8\DAM\Project\OptiWareUi\backend
plugins: anyio-4.12.1, asyncio-1.3.0
asyncio: mode=Mode.STRICT, debug=False, asyncio_default_fixture_loop_scope=None, asyncio_default_test_loop_scope=function
collecting ... collected 13 items

tests/test_inventory_health.py::test_near_expiry_detection PASSED        [  7%]
tests/test_inventory_health.py::test_expired_batch_detection PASSED      [ 15%]
tests/test_inventory_health.py::test_discount_suggestion_for_slow_moving PASSED [ 23%]
tests/test_inventory_health.py::test_bundle_suggestion_for_dead_stock PASSED [ 30%]
tests/test_inventory_health.py::test_disposal_suggestion_for_expired PASSED [ 38%]
tests/test_inventory_health.py::test_return_suggestion PASSED            [ 46%]
tests/test_inventory_health.py::test_approve_action_activates_promotion PASSED [ 53%]
tests/test_inventory_health.py::test_reject_action PASSED                [ 61%]
tests/test_inventory_health.py::test_config_defaults PASSED              [ 69%]
tests/test_inventory_health.py::test_config_update PASSED                [ 76%]
tests/test_inventory_health.py::test_execute_requires_approval PASSED    [ 84%]
tests/test_inventory_health.py::test_execute_after_approval PASSED       [ 92%]
tests/test_inventory_health.py::test_full_scan_orchestration FAILED      [100%]

================================== FAILURES ===================================
________________________ test_full_scan_orchestration _________________________
tests\test_inventory_health.py:549: in test_full_scan_orchestration
    result = await ActionSuggestionEngine.run_full_scan(db)
             ^^^^^^^^^^^^^^^^^^^^^^^^^^^^^^^^^^^^^^^^^^^^^^
app\services\action_suggestion_engine.py:654: in run_full_scan
    await InventoryClassificationService.ensure_inventory_health_records(db)
app\services\inventory_classification_service.py:328: in ensure_inventory_health_records
    async with db.begin():
..\dam\Lib\site-packages\sqlalchemy\ext\asyncio\base.py:121: in __aenter__
    return await self.start(is_ctxmanager=True)
           ^^^^^^^^^^^^^^^^^^^^^^^^^^^^^^^^^^^^
..\dam\Lib\site-packages\sqlalchemy\ext\asyncio\session.py:1876: in start
    await greenlet_spawn(
..\dam\Lib\site-packages\sqlalchemy\util\_concurrency_py3k.py:190: in greenlet_spawn
    result = context.switch(*args, **kwargs)
             ^^^^^^^^^^^^^^^^^^^^^^^^^^^^^^^
..\dam\Lib\site-packages\sqlalchemy\orm\session.py:1941: in begin
    raise sa_exc.InvalidRequestError(
E   sqlalchemy.exc.InvalidRequestError: A transaction is already begun on this Session.
=========================== short test summary info ===========================
FAILED tests/test_inventory_health.py::test_full_scan_orchestration - sqlalch...
======================== 1 failed, 12 passed in 1.41s =========================
